2.2.0.a.1
2
2.3.0.a.1
10
2.6.0.a.1
6
3.3.0.a.1
12
3.4.0.a.1
6
3.6.0.b.1
8
3.12.0.a.1
4
4.2.0.a.1
2
4.4.0.a.1
10
4.6.0.a.1
2
4.6.0.d.1
4
4.6.0.b.1
2
4.6.0.e.1
12
4.6.0.c.1
6
4.8.0.b.1
2
4.12.0.b.1
4
4.12.0.a.1
4
4.12.0.d.1
4
4.24.0.b.1
4
5.5.0.a.1
6
5.6.0.a.1
2
5.10.0.a.1
10
5.15.0.a.1
6
5.30.0.b.1
2
5.30.0.a.1
2
6.6.0.b.1
3
6.8.0.a.1
2
6.9.0.a.1
8
6.12.0.a.1
6
6.18.0.b.1
6
6.24.0.a.1
6
6.24.0.c.1
3
6.36.0.a.1
4
7.8.0.a.1
4
7.21.0.a.1
8
7.28.0.a.1
6
8.8.0.a.1
2
8.12.0.v.1
8
8.12.0.z.1
10
8.12.0.s.1
8
8.12.0.t.1
2
8.12.0.n.1
4
8.12.0.o.1
4
8.12.0.h.1
0
8.12.0.q.1
2
8.12.0.g.1
0
8.12.0.w.1
2
8.16.0.a.1
8
8.24.0.q.1
4
8.24.0.bi.1
6
8.24.0.t.1
4
8.24.0.bj.1
2
8.24.0.bp.1
2
8.24.0.f.1
4
8.24.0.bq.1
4
8.24.0.i.1
4
8.24.0.bf.1
4
8.24.0.be.1
4
8.24.0.bt.1
6
8.24.0.bn.1
4
8.24.0.bh.1
2
8.24.0.bc.1
2
8.24.0.bo.1
4
8.24.0.bs.1
4
9.9.0.a.1
3
9.12.0.a.1
4
9.12.0.b.1
4
9.18.0.a.1
6
9.18.0.d.1
6
9.27.0.a.1
2
9.27.0.b.1
8
9.36.0.b.1
2
10.10.0.a.1
2
10.18.0.a.1
4
10.30.0.a.1
2
12.8.0.a.1
2
12.12.0.q.1
8
12.18.0.l.1
8
12.18.0.k.1
4
12.24.0.d.1
2
12.24.0.g.1
6
12.24.0.f.1
2
12.36.0.h.1
2
12.36.0.j.1
2
12.36.0.k.1
2
12.36.0.e.1
2
13.14.0.a.1
2
14.16.0.a.1
2
15.18.0.a.1
2
16.16.0.b.1
0
16.16.0.a.1
2
16.24.0.j.1
4
16.24.0.g.1
4
16.48.0.h.1
0
16.48.0.c.1
4
16.48.0.t.2
0
16.48.0.t.1
2
16.48.0.n.1
2
16.48.0.m.2
2
16.48.0.m.1
4
16.48.0.h.2
2
16.48.0.c.2
2
16.48.0.i.1
2
18.24.0.c.1
3
18.24.0.b.1
2
18.36.0.a.1
4
20.10.0.a.1
2
24.36.0.cj.1
6
24.36.0.cg.1
2
25.30.0.a.1
2
27.36.0.a.1
2
28.16.0.a.1
2
32.48.0.f.2
2
32.48.0.f.1
4
36.24.0.b.1
2
8.6.0.e.1
2
8.8.0.a.1
2
8.24.0.m.1
2
8.24.0.z.1
2
